

Started GET "/" for ::1 at 2015-11-04 22:04:38 -0500
Processing by Rails::WelcomeController#index as HTML
  Rendered C:/Ruby21-x64/lib/ruby/gems/2.1.0/gems/railties-4.2.4/lib/rails/templates/rails/welcome/index.html.erb (14.0ms)
Completed 200 OK in 175ms (Views: 142.1ms | ActiveRecord: 0.0ms)
  [1m[36m (1872.3ms)[0m  [1mCREATE TABLE "schema_migrations" ("version" varchar NOT NULL) [0m
  [1m[35m (0.0ms)[0m  select sqlite_version(*)
  [1m[36m (1623.4ms)[0m  [1mCREATE UNIQUE INDEX "unique_schema_migrations" ON "schema_migrations" ("version")[0m
  [1m[35mActiveRecord::SchemaMigration Load (1.0ms)[0m  SELECT "schema_migrations".* FROM "schema_migrations"
Migrating to CreateDrinks (20151105030546)
  [1m[36m (1.0ms)[0m  [1mbegin transaction[0m
  [1m[35m (152.2ms)[0m  CREATE TABLE "drinks" ("id" INTEGER PRIMARY KEY AUTOINCREMENT NOT NULL, "name" varchar, "temperature" integer, "created_at" datetime NOT NULL, "updated_at" datetime NOT NULL) 
  [1m[36mSQL (0.5ms)[0m  [1mINSERT INTO "schema_migrations" ("version") VALUES (?)[0m  [["version", "20151105030546"]]
  [1m[35m (836.0ms)[0m  commit transaction
  [1m[36mActiveRecord::SchemaMigration Load (0.0ms)[0m  [1mSELECT "schema_migrations".* FROM "schema_migrations"[0m


Started GET "/" for ::1 at 2015-11-04 22:07:25 -0500
  [1m[36mActiveRecord::SchemaMigration Load (1.0ms)[0m  [1mSELECT "schema_migrations".* FROM "schema_migrations"[0m
Processing by Rails::WelcomeController#index as HTML
  Rendered C:/Ruby21-x64/lib/ruby/gems/2.1.0/gems/railties-4.2.4/lib/rails/templates/rails/welcome/index.html.erb (13.5ms)
Completed 200 OK in 112ms (Views: 65.0ms | ActiveRecord: 0.0ms)


Started GET "/drink" for ::1 at 2015-11-04 22:09:17 -0500

ActionController::RoutingError (No route matches [GET] "/drink"):
  actionpack (4.2.4) lib/action_dispatch/middleware/debug_exceptions.rb:21:in `call'
  web-console (2.2.1) lib/web_console/middleware.rb:39:in `call'
  actionpack (4.2.4) lib/action_dispatch/middleware/show_exceptions.rb:30:in `call'
  railties (4.2.4) lib/rails/rack/logger.rb:38:in `call_app'
  railties (4.2.4) lib/rails/rack/logger.rb:20:in `block in call'
  activesupport (4.2.4) lib/active_support/tagged_logging.rb:68:in `block in tagged'
  activesupport (4.2.4) lib/active_support/tagged_logging.rb:26:in `tagged'
  activesupport (4.2.4) lib/active_support/tagged_logging.rb:68:in `tagged'
  railties (4.2.4) lib/rails/rack/logger.rb:20:in `call'
  actionpack (4.2.4) lib/action_dispatch/middleware/request_id.rb:21:in `call'
  rack (1.6.4) lib/rack/methodoverride.rb:22:in `call'
  rack (1.6.4) lib/rack/runtime.rb:18:in `call'
  activesupport (4.2.4) lib/active_support/cache/strategy/local_cache_middleware.rb:28:in `call'
  rack (1.6.4) lib/rack/lock.rb:17:in `call'
  actionpack (4.2.4) lib/action_dispatch/middleware/static.rb:116:in `call'
  rack (1.6.4) lib/rack/sendfile.rb:113:in `call'
  railties (4.2.4) lib/rails/engine.rb:518:in `call'
  railties (4.2.4) lib/rails/application.rb:165:in `call'
  rack (1.6.4) lib/rack/lock.rb:17:in `call'
  rack (1.6.4) lib/rack/content_length.rb:15:in `call'
  rack (1.6.4) lib/rack/handler/webrick.rb:88:in `service'
  C:/Ruby21-x64/lib/ruby/2.1.0/webrick/httpserver.rb:138:in `service'
  C:/Ruby21-x64/lib/ruby/2.1.0/webrick/httpserver.rb:94:in `run'
  C:/Ruby21-x64/lib/ruby/2.1.0/webrick/server.rb:295:in `block in start_thread'


  Rendered C:/Ruby21-x64/lib/ruby/gems/2.1.0/gems/actionpack-4.2.4/lib/action_dispatch/middleware/templates/rescues/_trace.html.erb (5.0ms)
  Rendered C:/Ruby21-x64/lib/ruby/gems/2.1.0/gems/actionpack-4.2.4/lib/action_dispatch/middleware/templates/routes/_route.html.erb (4.0ms)
  Rendered C:/Ruby21-x64/lib/ruby/gems/2.1.0/gems/actionpack-4.2.4/lib/action_dispatch/middleware/templates/routes/_table.html.erb (498.0ms)
  Rendered C:/Ruby21-x64/lib/ruby/gems/2.1.0/gems/actionpack-4.2.4/lib/action_dispatch/middleware/templates/rescues/_request_and_response.html.erb (6.0ms)
  Rendered C:/Ruby21-x64/lib/ruby/gems/2.1.0/gems/actionpack-4.2.4/lib/action_dispatch/middleware/templates/rescues/routing_error.html.erb within rescues/layout (1169.8ms)
  Rendered C:/Ruby21-x64/lib/ruby/gems/2.1.0/gems/web-console-2.2.1/lib/web_console/templates/_markup.html.erb (1.0ms)
  Rendered C:/Ruby21-x64/lib/ruby/gems/2.1.0/gems/web-console-2.2.1/lib/web_console/templates/_inner_console_markup.html.erb within layouts/inlined_string (1.0ms)
  Rendered C:/Ruby21-x64/lib/ruby/gems/2.1.0/gems/web-console-2.2.1/lib/web_console/templates/_prompt_box_markup.html.erb within layouts/inlined_string (1.0ms)
  Rendered C:/Ruby21-x64/lib/ruby/gems/2.1.0/gems/web-console-2.2.1/lib/web_console/templates/style.css.erb within layouts/inlined_string (1.0ms)
  Rendered C:/Ruby21-x64/lib/ruby/gems/2.1.0/gems/web-console-2.2.1/lib/web_console/templates/console.js.erb within layouts/javascript (154.3ms)
  Rendered C:/Ruby21-x64/lib/ruby/gems/2.1.0/gems/web-console-2.2.1/lib/web_console/templates/main.js.erb within layouts/javascript (0.5ms)
  Rendered C:/Ruby21-x64/lib/ruby/gems/2.1.0/gems/web-console-2.2.1/lib/web_console/templates/error_page.js.erb within layouts/javascript (2.0ms)
  Rendered C:/Ruby21-x64/lib/ruby/gems/2.1.0/gems/web-console-2.2.1/lib/web_console/templates/index.html.erb (374.4ms)


Started GET "/drinks" for ::1 at 2015-11-04 22:09:19 -0500
Processing by DrinksController#index as HTML
  [1m[35mDrink Load (1.0ms)[0m  SELECT "drinks".* FROM "drinks"
  Rendered drinks/index.html.erb within layouts/application (10.1ms)
Completed 200 OK in 20591ms (Views: 20579.2ms | ActiveRecord: 2.0ms)


Started GET "/drinks" for ::1 at 2015-11-04 22:09:40 -0500
Processing by DrinksController#index as HTML
  [1m[36mDrink Load (0.5ms)[0m  [1mSELECT "drinks".* FROM "drinks"[0m
  Rendered drinks/index.html.erb within layouts/application (6.1ms)
Completed 200 OK in 432ms (Views: 428.9ms | ActiveRecord: 0.5ms)


Started GET "/assets/drinks.self-e3b0c44298fc1c149afbf4c8996fb92427ae41e4649b934ca495991b7852b855.css?body=1" for ::1 at 2015-11-04 22:09:41 -0500


Started GET "/assets/scaffolds.self-af69632993241ea4e013ada9d5dcdce0404c523584080a35ecee78fd1b4362b8.css?body=1" for ::1 at 2015-11-04 22:09:41 -0500


Started GET "/assets/jquery_ujs.self-d456baa54c1fa6be2ec3711f0a72ddf7a5b2f34a6b4f515f33767d6207b7d4b3.js?body=1" for ::1 at 2015-11-04 22:09:41 -0500


Started GET "/assets/jquery.self-a714331225dda820228db323939889f149aec0127aeb06255646b616ba1ca419.js?body=1" for ::1 at 2015-11-04 22:09:41 -0500


Started GET "/assets/application.self-e80e8f2318043e8af94dddc2adad5a4f09739a8ebb323b3ab31cd71d45fd9113.css?body=1" for ::1 at 2015-11-04 22:09:41 -0500


Started GET "/assets/drinks.self-877aef30ae1b040ab8a3aba4e3e309a11d7f2612f44dde450b5c157aa5f95c05.js?body=1" for ::1 at 2015-11-04 22:09:41 -0500


Started GET "/assets/turbolinks.self-c37727e9bd6b2735da5c311aa83fead54ed0be6cc8bd9a65309e9c5abe2cbfff.js?body=1" for ::1 at 2015-11-04 22:09:41 -0500


Started GET "/assets/application.self-3b8dabdc891efe46b9a144b400ad69e37d7e5876bdc39dee783419a69d7ca819.js?body=1" for ::1 at 2015-11-04 22:09:42 -0500


Started GET "/drinks/new" for ::1 at 2015-11-04 22:09:44 -0500
Processing by DrinksController#new as HTML
  Rendered drinks/_form.html.erb (1007.3ms)
  Rendered drinks/new.html.erb within layouts/application (1017.2ms)
Completed 200 OK in 1423ms (Views: 1408.8ms | ActiveRecord: 0.5ms)


Started POST "/drinks" for ::1 at 2015-11-04 22:10:13 -0500
Processing by DrinksController#create as HTML
  Parameters: {"utf8"=>"✓", "authenticity_token"=>"90kyG08WsDGo2k0jLzjdJ0Oz5DASdQLUM4NZn3Nw7AE9hagzbgDeuCniB5C5kCnRrHe9HtO5cu4ySwOGdVF/Ow==", "drink"=>{"name"=>"Cappuccino", "temperature"=>"135"}, "commit"=>"Create Drink"}
  [1m[35m (0.0ms)[0m  begin transaction
  [1m[36mSQL (114.7ms)[0m  [1mINSERT INTO "drinks" ("name", "temperature", "created_at", "updated_at") VALUES (?, ?, ?, ?)[0m  [["name", "Cappuccino"], ["temperature", 135], ["created_at", "2015-11-05 03:10:13.528777"], ["updated_at", "2015-11-05 03:10:13.528777"]]
  [1m[35m (1865.8ms)[0m  commit transaction
Redirected to http://localhost:3000/drinks/1
Completed 302 Found in 2040ms (ActiveRecord: 1980.4ms)


Started GET "/drinks/1" for ::1 at 2015-11-04 22:10:15 -0500
Processing by DrinksController#show as HTML
  Parameters: {"id"=>"1"}
  [1m[36mDrink Load (1.0ms)[0m  [1mSELECT  "drinks".* FROM "drinks" WHERE "drinks"."id" = ? LIMIT 1[0m  [["id", 1]]
  Rendered drinks/show.html.erb within layouts/application (2.0ms)
Completed 500 Internal Server Error in 591ms (ActiveRecord: 1.0ms)

ActionView::Template::Error (Permission denied @ utime_failed - C:/Users/travis/Dropbox/Code/Rails/test_app/tmp/cache/assets/development/sprockets/v3.0/g18_k7oCP7Tv1_9R47zY-xgK7ioGPZLfNjaUQBrl-lw.cache):
    3: <head>
    4:   <title>TestApp</title>
    5:   <%= stylesheet_link_tag    'application', media: 'all', 'data-turbolinks-track' => true %>
    6:   <%= javascript_include_tag 'application', 'data-turbolinks-track' => true %>
    7:   <%= csrf_meta_tags %>
    8: </head>
    9: <body>
  app/views/layouts/application.html.erb:6:in `_app_views_layouts_application_html_erb___542688765_49240680'


  Rendered C:/Ruby21-x64/lib/ruby/gems/2.1.0/gems/actionpack-4.2.4/lib/action_dispatch/middleware/templates/rescues/_source.erb (1.0ms)
  Rendered C:/Ruby21-x64/lib/ruby/gems/2.1.0/gems/actionpack-4.2.4/lib/action_dispatch/middleware/templates/rescues/_trace.html.erb (14.1ms)
  Rendered C:/Ruby21-x64/lib/ruby/gems/2.1.0/gems/actionpack-4.2.4/lib/action_dispatch/middleware/templates/rescues/_request_and_response.html.erb (3.0ms)
  Rendered C:/Ruby21-x64/lib/ruby/gems/2.1.0/gems/actionpack-4.2.4/lib/action_dispatch/middleware/templates/rescues/template_error.html.erb within rescues/layout (285.1ms)
  Rendered C:/Ruby21-x64/lib/ruby/gems/2.1.0/gems/web-console-2.2.1/lib/web_console/templates/_markup.html.erb (1.0ms)
  Rendered C:/Ruby21-x64/lib/ruby/gems/2.1.0/gems/web-console-2.2.1/lib/web_console/templates/_inner_console_markup.html.erb within layouts/inlined_string (1.0ms)
  Rendered C:/Ruby21-x64/lib/ruby/gems/2.1.0/gems/web-console-2.2.1/lib/web_console/templates/_prompt_box_markup.html.erb within layouts/inlined_string (0.0ms)
  Rendered C:/Ruby21-x64/lib/ruby/gems/2.1.0/gems/web-console-2.2.1/lib/web_console/templates/style.css.erb within layouts/inlined_string (1.0ms)
  Rendered C:/Ruby21-x64/lib/ruby/gems/2.1.0/gems/web-console-2.2.1/lib/web_console/templates/console.js.erb within layouts/javascript (138.1ms)
  Rendered C:/Ruby21-x64/lib/ruby/gems/2.1.0/gems/web-console-2.2.1/lib/web_console/templates/main.js.erb within layouts/javascript (2.0ms)
  Rendered C:/Ruby21-x64/lib/ruby/gems/2.1.0/gems/web-console-2.2.1/lib/web_console/templates/error_page.js.erb within layouts/javascript (1.0ms)
  Rendered C:/Ruby21-x64/lib/ruby/gems/2.1.0/gems/web-console-2.2.1/lib/web_console/templates/index.html.erb (418.5ms)


Started GET "/drinks" for ::1 at 2015-11-04 22:13:13 -0500
  [1m[36mActiveRecord::SchemaMigration Load (1.0ms)[0m  [1mSELECT "schema_migrations".* FROM "schema_migrations"[0m
Processing by DrinksController#index as HTML
  [1m[35mDrink Load (0.5ms)[0m  SELECT "drinks".* FROM "drinks"
  Rendered drinks/index.html.erb within layouts/application (39.5ms)
Completed 200 OK in 1517ms (Views: 1453.7ms | ActiveRecord: 2.5ms)


Started GET "/assets/drinks.self-e3b0c44298fc1c149afbf4c8996fb92427ae41e4649b934ca495991b7852b855.css?body=1" for ::1 at 2015-11-04 22:13:16 -0500


Started GET "/assets/jquery_ujs.self-d456baa54c1fa6be2ec3711f0a72ddf7a5b2f34a6b4f515f33767d6207b7d4b3.js?body=1" for ::1 at 2015-11-04 22:13:16 -0500


Started GET "/assets/turbolinks.self-c37727e9bd6b2735da5c311aa83fead54ed0be6cc8bd9a65309e9c5abe2cbfff.js?body=1" for ::1 at 2015-11-04 22:13:16 -0500


Started GET "/assets/scaffolds.self-af69632993241ea4e013ada9d5dcdce0404c523584080a35ecee78fd1b4362b8.css?body=1" for ::1 at 2015-11-04 22:13:16 -0500


Started GET "/assets/jquery.self-a714331225dda820228db323939889f149aec0127aeb06255646b616ba1ca419.js?body=1" for ::1 at 2015-11-04 22:13:16 -0500


Started GET "/assets/application.self-e80e8f2318043e8af94dddc2adad5a4f09739a8ebb323b3ab31cd71d45fd9113.css?body=1" for ::1 at 2015-11-04 22:13:16 -0500


Started GET "/assets/drinks.self-877aef30ae1b040ab8a3aba4e3e309a11d7f2612f44dde450b5c157aa5f95c05.js?body=1" for ::1 at 2015-11-04 22:13:17 -0500


Started GET "/assets/application.self-3b8dabdc891efe46b9a144b400ad69e37d7e5876bdc39dee783419a69d7ca819.js?body=1" for ::1 at 2015-11-04 22:13:17 -0500
